# JRE version: Java(TM) SE Runtime Environment (17.0.6+9) (build 17.0.6+9-LTS-190)
# Java VM: Java HotSpot(TM) 64-Bit Server VM (17.0.6+9-LTS-190, mixed mode, sharing, tiered, compressed oops, compressed class ptrs, g1 gc, windows-amd64)
GC Precious Log:
 CPUs: 2 total, 2 available
 Memory: 4095M
 Large Page Support: Disabled
 NUMA Support: Disabled
 Compressed Oops: Enabled (32-bit)
 Heap Region Size: 1M
 Heap Min Capacity: 8M
 Heap Initial Capacity: 64M
 Heap Max Capacity: 1G
 Pre-touch: Disabled
 Parallel Workers: 2
 Concurrent Workers: 1
 Concurrent Refinement Workers: 2
 Periodic GC: Disabled
Heap:
 garbage-first heap   total 73728K, used 48031K [0x00000000c0000000, 0x0000000100000000)
  region size 1024K, 11 young (11264K), 2 survivors (2048K)
 Metaspace       used 30090K, committed 30400K, reserved 1081344K
  class space    used 3614K, committed 3776K, reserved 1048576K
GC Heap History (20 events):
Event: 22.732 GC heap before
{Heap before GC invocations=8 (full 0):
 garbage-first heap   total 58368K, used 46202K [0x00000000c0000000, 0x0000000100000000)
  region size 1024K, 28 young (28672K), 1 survivors (1024K)
 Metaspace       used 25825K, committed 26176K, reserved 1073152K
  class space    used 3235K, committed 3392K, reserved 1048576K
}
Event: 22.738 GC heap after
{Heap after GC invocations=9 (full 0):
 garbage-first heap   total 58368K, used 22036K [0x00000000c0000000, 0x0000000100000000)
  region size 1024K, 3 young (3072K), 3 survivors (3072K)
 Metaspace       used 25825K, committed 26176K, reserved 1073152K
  class space    used 3235K, committed 3392K, reserved 1048576K
}
Event: 36.585 GC heap before
{Heap before GC invocations=9 (full 0):
 garbage-first heap   total 58368K, used 33300K [0x00000000c0000000, 0x0000000100000000)
  region size 1024K, 10 young (10240K), 3 survivors (3072K)
 Metaspace       used 26044K, committed 26432K, reserved 1073152K
  class space    used 3257K, committed 3456K, reserved 1048576K
}
Event: 36.590 GC heap after
{Heap after GC invocations=10 (full 0):
 garbage-first heap   total 58368K, used 27355K [0x00000000c0000000, 0x0000000100000000)
  region size 1024K, 1 young (1024K), 1 survivors (1024K)
 Metaspace       used 26044K, committed 26432K, reserved 1073152K
  class space    used 3257K, committed 3456K, reserved 1048576K
}
Event: 47.134 GC heap before
{Heap before GC invocations=11 (full 0):
 garbage-first heap   total 60416K, used 38619K [0x00000000c0000000, 0x0000000100000000)
  region size 1024K, 8 young (8192K), 1 survivors (1024K)
 Metaspace       used 26165K, committed 26560K, reserved 1073152K
  class space    used 3258K, committed 3456K, reserved 1048576K
}
Event: 47.136 GC heap after
{Heap after GC invocations=12 (full 0):
 garbage-first heap   total 60416K, used 32533K [0x00000000c0000000, 0x0000000100000000)
  region size 1024K, 1 young (1024K), 1 survivors (1024K)
 Metaspace       used 26165K, committed 26560K, reserved 1073152K
  class space    used 3258K, committed 3456K, reserved 1048576K
}
Event: 88.944 GC heap before
{Heap before GC invocations=13 (full 0):
 garbage-first heap   total 68608K, used 53013K [0x00000000c0000000, 0x0000000100000000)
  region size 1024K, 16 young (16384K), 1 survivors (1024K)
 Metaspace       used 26614K, committed 27008K, reserved 1073152K
  class space    used 3274K, committed 3456K, reserved 1048576K
}
Event: 88.946 GC heap after
{Heap after GC invocations=14 (full 0):
 garbage-first heap   total 68608K, used 37876K [0x00000000c0000000, 0x0000000100000000)
  region size 1024K, 1 young (1024K), 1 survivors (1024K)
 Metaspace       used 26614K, committed 27008K, reserved 1073152K
  class space    used 3274K, committed 3456K, reserved 1048576K
}
Event: 128.379 GC heap before
{Heap before GC invocations=14 (full 0):
 garbage-first heap   total 68608K, used 55284K [0x00000000c0000000, 0x0000000100000000)
  region size 1024K, 18 young (18432K), 1 survivors (1024K)
 Metaspace       used 26803K, committed 27200K, reserved 1073152K
  class space    used 3274K, committed 3456K, reserved 1048576K
}
Event: 128.396 GC heap after
{Heap after GC invocations=15 (full 0):
 garbage-first heap   total 68608K, used 38135K [0x00000000c0000000, 0x0000000100000000)
  region size 1024K, 1 young (1024K), 1 survivors (1024K)
 Metaspace       used 26803K, committed 27200K, reserved 1073152K
  class space    used 3274K, committed 3456K, reserved 1048576K
}
Event: 167.625 GC heap before
{Heap before GC invocations=16 (full 0):
 garbage-first heap   total 68608K, used 55543K [0x00000000c0000000, 0x0000000100000000)
  region size 1024K, 18 young (18432K), 1 survivors (1024K)
 Metaspace       used 27089K, committed 27456K, reserved 1073152K
  class space    used 3274K, committed 3456K, reserved 1048576K
}
Event: 167.628 GC heap after
{Heap after GC invocations=17 (full 0):
 garbage-first heap   total 68608K, used 38431K [0x00000000c0000000, 0x0000000100000000)
  region size 1024K, 2 young (2048K), 2 survivors (2048K)
 Metaspace       used 27089K, committed 27456K, reserved 1073152K
  class space    used 3274K, committed 3456K, reserved 1048576K
}
Event: 276.773 GC heap before
{Heap before GC invocations=17 (full 0):
 garbage-first heap   total 68608K, used 55839K [0x00000000c0000000, 0x0000000100000000)
  region size 1024K, 19 young (19456K), 2 survivors (2048K)
 Metaspace       used 27218K, committed 27584K, reserved 1073152K
  class space    used 3278K, committed 3456K, reserved 1048576K
}
Event: 276.778 GC heap after
{Heap after GC invocations=18 (full 0):
 garbage-first heap   total 68608K, used 38585K [0x00000000c0000000, 0x0000000100000000)
  region size 1024K, 2 young (2048K), 2 survivors (2048K)
 Metaspace       used 27218K, committed 27584K, reserved 1073152K
  class space    used 3278K, committed 3456K, reserved 1048576K
}
Event: 528.280 GC heap before
{Heap before GC invocations=19 (full 0):
 garbage-first heap   total 73728K, used 54969K [0x00000000c0000000, 0x0000000100000000)
  region size 1024K, 18 young (18432K), 2 survivors (2048K)
 Metaspace       used 29722K, committed 30080K, reserved 1081344K
  class space    used 3598K, committed 3776K, reserved 1048576K
}
Event: 528.335 GC heap after
{Heap after GC invocations=20 (full 0):
 garbage-first heap   total 73728K, used 39054K [0x00000000c0000000, 0x0000000100000000)
  region size 1024K, 2 young (2048K), 2 survivors (2048K)
 Metaspace       used 29722K, committed 30080K, reserved 1081344K
  class space    used 3598K, committed 3776K, reserved 1048576K
}
Event: 710.379 GC heap before
{Heap before GC invocations=20 (full 0):
 garbage-first heap   total 73728K, used 60558K [0x00000000c0000000, 0x0000000100000000)
  region size 1024K, 23 young (23552K), 2 survivors (2048K)
 Metaspace       used 29924K, committed 30272K, reserved 1081344K
  class space    used 3611K, committed 3776K, reserved 1048576K
}
Event: 710.392 GC heap after
{Heap after GC invocations=21 (full 0):
 garbage-first heap   total 73728K, used 39501K [0x00000000c0000000, 0x0000000100000000)
  region size 1024K, 2 young (2048K), 2 survivors (2048K)
 Metaspace       used 29924K, committed 30272K, reserved 1081344K
  class space    used 3611K, committed 3776K, reserved 1048576K
}
Event: 1061.644 GC heap before
{Heap before GC invocations=22 (full 0):
 garbage-first heap   total 73728K, used 59981K [0x00000000c0000000, 0x0000000100000000)
  region size 1024K, 23 young (23552K), 2 survivors (2048K)
 Metaspace       used 30050K, committed 30400K, reserved 1081344K
  class space    used 3614K, committed 3776K, reserved 1048576K
}
Event: 1061.669 GC heap after
{Heap after GC invocations=23 (full 0):
 garbage-first heap   total 73728K, used 39839K [0x00000000c0000000, 0x0000000100000000)
  region size 1024K, 2 young (2048K), 2 survivors (2048K)
 Metaspace       used 30050K, committed 30400K, reserved 1081344K
  class space    used 3614K, committed 3776K, reserved 1048576K
}

